  BiTree.cpp
  LinkList.cpp
  main.cpp
D:\文件\数据结构\数据结构课设\main.cpp(610,21): error C2601: “ShowMainMenu”: 本地函数定义是非法的
D:\文件\数据结构\数据结构课设\main.cpp(595): message : 此行有一个“{”没有匹配项
D:\文件\数据结构\数据结构课设\main.cpp(621,23): error C2601: “SwitchLinkList”: 本地函数定义是非法的
D:\文件\数据结构\数据结构课设\main.cpp(595): message : 此行有一个“{”没有匹配项
D:\文件\数据结构\数据结构课设\main.cpp(681,20): error C2601: “SwitchStack”: 本地函数定义是非法的
D:\文件\数据结构\数据结构课设\main.cpp(595): message : 此行有一个“{”没有匹配项
D:\文件\数据结构\数据结构课设\main.cpp(725,20): error C2601: “SwitchQueue”: 本地函数定义是非法的
D:\文件\数据结构\数据结构课设\main.cpp(595): message : 此行有一个“{”没有匹配项
D:\文件\数据结构\数据结构课设\main.cpp(772,21): error C2601: “SwitchBiTree”: 本地函数定义是非法的
D:\文件\数据结构\数据结构课设\main.cpp(595): message : 此行有一个“{”没有匹配项
D:\文件\数据结构\数据结构课设\main.cpp(835,1): error C2601: “SwitchMgrap”: 本地函数定义是非法的
D:\文件\数据结构\数据结构课设\main.cpp(595): message : 此行有一个“{”没有匹配项
D:\文件\数据结构\数据结构课设\main.cpp(881,1): error C2601: “main”: 本地函数定义是非法的
D:\文件\数据结构\数据结构课设\main.cpp(595): message : 此行有一个“{”没有匹配项
D:\文件\数据结构\数据结构课设\main.cpp(595): fatal error C1075: “{”: 未找到匹配令牌
  Mgrap.cpp
  Queue.cpp
  Stack.cpp
  正在运行 C/C++ 代码分析...
D:\文件\数据结构\数据结构课设\Stack.cpp : fatal error C1083: 无法打开编译器生成的文件: “D:\文件\数据结构\数据结构课设\Debug\Stack.nativecodeanalysis.xml”: No error
D:\文件\数据结构\数据结构课设\Queue.cpp : fatal error C1083: 无法打开编译器生成的文件: “D:\文件\数据结构\数据结构课设\Debug\Queue.nativecodeanalysis.xml”: No error
D:\文件\数据结构\数据结构课设\Mgrap.cpp : fatal error C1083: 无法打开编译器生成的文件: “D:\文件\数据结构\数据结构课设\Debug\Mgrap.nativecodeanalysis.xml”: No error
D:\文件\数据结构\数据结构课设\LinkList.cpp : fatal error C1083: 无法打开编译器生成的文件: “D:\文件\数据结构\数据结构课设\Debug\LinkList.nativecodeanalysis.xml”: No error
D:\文件\数据结构\数据结构课设\BiTree.cpp : fatal error C1083: 无法打开编译器生成的文件: “D:\文件\数据结构\数据结构课设\Debug\BiTree.nativecodeanalysis.xml”: No error
  正在生成代码...
