d:\文件\数据结构\data\debug\vc142.pdb
d:\文件\数据结构\data\debug\vc142.idb
d:\文件\数据结构\data\debug\stack.obj
d:\文件\数据结构\data\debug\queue.obj
d:\文件\数据结构\data\debug\mgrap.obj
d:\文件\数据结构\data\debug\main.obj
d:\文件\数据结构\data\debug\linklist.obj
d:\文件\数据结构\data\debug\bitree.obj
d:\文件\数据结构\data\debug\applystack.obj
d:\文件\数据结构\data\debug\applyqueue.obj
d:\文件\数据结构\data\debug\applylinklist.obj
d:\文件\数据结构\data\debug\applybitree.obj
d:\文件\数据结构\data\debug\data.tlog\cl.command.1.tlog
d:\文件\数据结构\data\debug\data.tlog\cl.read.1.tlog
d:\文件\数据结构\data\debug\data.tlog\cl.write.1.tlog
d:\文件\数据结构\data\debug\data.tlog\link-cvtres.read.1.tlog
d:\文件\数据结构\data\debug\data.tlog\link-cvtres.write.1.tlog
d:\文件\数据结构\data\debug\data.tlog\link-rc.read.1.tlog
d:\文件\数据结构\data\debug\data.tlog\link-rc.write.1.tlog
d:\文件\数据结构\data\debug\data.tlog\link.23304-cvtres.read.1.tlog
d:\文件\数据结构\data\debug\data.tlog\link.23304-cvtres.write.1.tlog
d:\文件\数据结构\data\debug\data.tlog\link.23304-rc.read.1.tlog
d:\文件\数据结构\data\debug\data.tlog\link.23304-rc.write.1.tlog
d:\文件\数据结构\data\debug\data.tlog\link.23304.read.1.tlog
d:\文件\数据结构\data\debug\data.tlog\link.23304.write.1.tlog
d:\文件\数据结构\data\debug\data.tlog\link.command.1.tlog
d:\文件\数据结构\data\debug\data.tlog\link.read.1.tlog
d:\文件\数据结构\data\debug\data.tlog\link.write.1.tlog
